<?xml version="1.0" encoding="UTF-8"?>
<!-- Generated by org.testng.reporters.JUnitReportReporter -->
<testsuite hostname="AKSHAYPC-97" failures="0" tests="1" name="com.Actitime.Testscripts.TaskTest" time="0.363" errors="0" timestamp="2023-03-29T11:33:59 IST" skipped="0">
  <testcase classname="com.Actitime.Testscripts.TaskTest" name="createcustomer" time="0.363"/>
  <system-out/>
</testsuite> <!-- com.Actitime.Testscripts.TaskTest -->
